0 info it worked if it ends with ok
1 verbose cli [ 'C:\\Program Files\\nodejs\\node.exe',
1 verbose cli   'C:\\Users\\Think\\AppData\\Roaming\\npm\\node_modules\\cnpm\\node_modules\\npm\\bin\\npm-cli.js',
1 verbose cli   '--userconfig=C:\\Users\\Think\\.cnpmrc',
1 verbose cli   '--disturl=https://npm.taobao.org/mirrors/node',
1 verbose cli   '--registry=https://registry.npm.taobao.org',
1 verbose cli   'start' ]
2 info using npm@3.10.10
3 info using node@v8.10.0
4 verbose run-script [ 'prestart', 'start', 'poststart' ]
5 info lifecycle rxjs-todomvc@0.1.0~prestart: rxjs-todomvc@0.1.0
6 silly lifecycle rxjs-todomvc@0.1.0~prestart: no script for prestart, continuing
7 info lifecycle rxjs-todomvc@0.1.0~start: rxjs-todomvc@0.1.0
8 verbose lifecycle rxjs-todomvc@0.1.0~start: unsafe-perm in lifecycle true
9 verbose lifecycle rxjs-todomvc@0.1.0~start: PATH: C:\Users\Think\AppData\Roaming\npm\node_modules\cnpm\node_modules\npm\bin\node-gyp-bin;E:\study\repo\study-repo\learning-rxjs\learning-rxjs-seed\node_modules\.bin;C:\Program Files (x86)\NVIDIA Corporation\PhysX\Common;C:\Program Files (x86)\Intel\iCLS Client\;C:\Program Files\Intel\iCLS Client\;C:\windows\system32;C:\windows;C:\windows\System32\Wbem;C:\windows\System32\WindowsPowerShell\v1.0\;C:\Program Files (x86)\Intel\Intel(R) Management Engine Components\DAL;C:\Program Files\Intel\Intel(R) Management Engine Components\DAL;C:\Program Files (x86)\Intel\Intel(R) Management Engine Components\IPT;C:\Program Files\Intel\Intel(R) Management Engine Components\IPT;C:\Program Files (x86)\ATI Technologies\ATI.ACE\Core-Static;C:\Program Files\Intel\WiFi\bin\;C:\Program Files\Common Files\Intel\WirelessCommon\;C:\Program Files\nodejs\;C:\Users\Think\AppData\Roaming\npm
10 verbose lifecycle rxjs-todomvc@0.1.0~start: CWD: E:\study\repo\study-repo\learning-rxjs\learning-rxjs-seed
11 silly lifecycle rxjs-todomvc@0.1.0~start: Args: [ '/d /s /c',
11 silly lifecycle   'webpack-dev-server --inline --colors --progress --display-error-details --display-cached --port 3000  --content-base src' ]
12 silly lifecycle rxjs-todomvc@0.1.0~start: Returned: code: 1  signal: null
13 info lifecycle rxjs-todomvc@0.1.0~start: Failed to exec start script
14 verbose stack Error: rxjs-todomvc@0.1.0 start: `webpack-dev-server --inline --colors --progress --display-error-details --display-cached --port 3000  --content-base src`
14 verbose stack Exit status 1
14 verbose stack     at EventEmitter.<anonymous> (C:\Users\Think\AppData\Roaming\npm\node_modules\cnpm\node_modules\npm\lib\utils\lifecycle.js:255:16)
14 verbose stack     at emitTwo (events.js:126:13)
14 verbose stack     at EventEmitter.emit (events.js:214:7)
14 verbose stack     at ChildProcess.<anonymous> (C:\Users\Think\AppData\Roaming\npm\node_modules\cnpm\node_modules\npm\lib\utils\spawn.js:40:14)
14 verbose stack     at emitTwo (events.js:126:13)
14 verbose stack     at ChildProcess.emit (events.js:214:7)
14 verbose stack     at maybeClose (internal/child_process.js:925:16)
14 verbose stack     at Process.ChildProcess._handle.onexit (internal/child_process.js:209:5)
15 verbose pkgid rxjs-todomvc@0.1.0
16 verbose cwd E:\study\repo\study-repo\learning-rxjs\learning-rxjs-seed
17 error Windows_NT 10.0.10240
18 error argv "C:\\Program Files\\nodejs\\node.exe" "C:\\Users\\Think\\AppData\\Roaming\\npm\\node_modules\\cnpm\\node_modules\\npm\\bin\\npm-cli.js" "--userconfig=C:\\Users\\Think\\.cnpmrc" "--disturl=https://npm.taobao.org/mirrors/node" "--registry=https://registry.npm.taobao.org" "start"
19 error node v8.10.0
20 error npm  v3.10.10
21 error code ELIFECYCLE
22 error rxjs-todomvc@0.1.0 start: `webpack-dev-server --inline --colors --progress --display-error-details --display-cached --port 3000  --content-base src`
22 error Exit status 1
23 error Failed at the rxjs-todomvc@0.1.0 start script 'webpack-dev-server --inline --colors --progress --display-error-details --display-cached --port 3000  --content-base src'.
23 error Make sure you have the latest version of node.js and npm installed.
23 error If you do, this is most likely a problem with the rxjs-todomvc package,
23 error not with npm itself.
23 error Tell the author that this fails on your system:
23 error     webpack-dev-server --inline --colors --progress --display-error-details --display-cached --port 3000  --content-base src
23 error You can get information on how to open an issue for this project with:
23 error     npm bugs rxjs-todomvc
23 error Or if that isn't available, you can get their info via:
23 error     npm owner ls rxjs-todomvc
23 error There is likely additional logging output above.
24 verbose exit [ 1, true ]
